This is pdfTeX, Version 3.141592653-2.6-1.40.22 (MiKTeX 21.3) (preloaded format=pdflatex 2021.3.27)  9 JUN 2021 19:55
entering extended mode
**/home/hohaicongthuan/GitHub/Project-1/Docs/main.tex
(/home/hohaicongthuan/GitHub/Project-1/Docs/main.tex
LaTeX2e <2020-10-01> patch level 4
L3 programming layer <2021-02-18> (/home/hohaicongthuan/.miktex/texmfs/install/tex/latex/base/article.cls
Document Class: article 2020/04/10 v1.4m Standard LaTeX document class
(/home/hohaicongthuan/.miktex/texmfs/install/tex/latex/base/size10.clo
File: size10.clo 2020/04/10 v1.4m Standard LaTeX file (size option)
)
\c@part=\count179
\c@section=\count180
\c@subsection=\count181
\c@subsubsection=\count182
\c@paragraph=\count183
\c@subparagraph=\count184
\c@figure=\count185
\c@table=\count186
\abovecaptionskip=\skip47
\belowcaptionskip=\skip48
\bibindent=\dimen138
) (/home/hohaicongthuan/.miktex/texmfs/install/tex/latex/geometry/geometry.sty
Package: geometry 2020/01/02 v5.9 Page Geometry
 (/home/hohaicongthuan/.miktex/texmfs/install/tex/latex/graphics/keyval.sty
Package: keyval 2014/10/28 v1.15 key=value parser (DPC)
\KV@toks@=\toks15
) (/home/hohaicongthuan/.miktex/texmfs/install/tex/generic/iftex/ifvtex.sty
Package: ifvtex 2019/10/25 v1.7 ifvtex legacy package. Use iftex instead.
 (/home/hohaicongthuan/.miktex/texmfs/install/tex/generic/iftex/iftex.sty
Package: iftex 2020/03/06 v1.0d TeX engine tests
))
\Gm@cnth=\count187
\Gm@cntv=\count188
\c@Gm@tempcnt=\count189
\Gm@bindingoffset=\dimen139
\Gm@wd@mp=\dimen140
\Gm@odd@mp=\dimen141
\Gm@even@mp=\dimen142
\Gm@layoutwidth=\dimen143
\Gm@layoutheight=\dimen144
\Gm@layouthoffset=\dimen145
\Gm@layoutvoffset=\dimen146
\Gm@dimlist=\toks16
 (/home/hohaicongthuan/.miktex/texmfs/install/tex/latex/geometry/geometry.cfg)) (/home/hohaicongthuan/.miktex/texmfs/install/tex/latex/blindtext/blindtext.sty
Package: blindtext 2012/01/06 V2.0 blindtext-Package
 (/home/hohaicongthuan/.miktex/texmfs/install/tex/latex/latex-tools/xspace.sty
Package: xspace 2014/10/28 v1.13 Space after command names (DPC,MH)
)
\c@blindtext=\count190
\c@Blindtext=\count191
\c@blind@countparstart=\count192
\blind@countxx=\count193
\blindtext@numBlindtext=\count194
\blind@countyy=\count195
\c@blindlist=\count196
\c@blindlistlevel=\count197
\c@blindlist@level=\count198
\blind@listitem=\count199
\c@blind@listcount=\count266
\c@blind@levelcount=\count267
\blind@mathformula=\count268
\blind@Mathformula=\count269
\c@blind@randomcount=\count270
\c@blind@randommax=\count271
\c@blind@pangramcount=\count272
\c@blind@pangrammax=\count273
) (/home/hohaicongthuan/.miktex/texmfs/install/tex/generic/babel/babel.sty
Package: babel 2021/03/03 3.55 The Babel package
 (/home/hohaicongthuan/.miktex/texmfs/install/tex/generic/babel/babel.def
File: babel.def 2021/03/03 3.55 Babel common definitions
\babel@savecnt=\count274
\U@D=\dimen147
\l@babelnohyphens=\language1
 (/home/hohaicongthuan/.miktex/texmfs/install/tex/generic/babel/txtbabel.def)
\bbl@readstream=\read2
)
\bbl@dirlevel=\count275

*************************************
* Local config file bblopts.cfg used
*
(/home/hohaicongthuan/.miktex/texmfs/install/tex/latex/arabi/bblopts.cfg
File: bblopts.cfg 2005/09/08 v0.1 add Arabic and Farsi to "declared" options of babel
) (/home/hohaicongthuan/.miktex/texmfs/install/tex/latex/babel-english/british.ldf
Language: british 2017/06/06 v3.3r English support from the babel system
 (/home/hohaicongthuan/.miktex/texmfs/install/tex/latex/babel-english/english.ldf
Language: english 2017/06/06 v3.3r English support from the babel system
))) (/home/hohaicongthuan/.miktex/texmfs/install/tex/latex/paralist/paralist.sty
Package: paralist 2017/01/22 v2.7 Extended list environments
\pltopsep=\skip49
\plpartopsep=\skip50
\plitemsep=\skip51
\plparsep=\skip52
\pl@lab=\toks17
) (/home/hohaicongthuan/.miktex/texmfs/install/tex/latex/latex-tools/multicol.sty
Package: multicol 2019/12/09 v1.8y multicolumn formatting (FMi)
\c@tracingmulticols=\count276
\mult@box=\box47
\multicol@leftmargin=\dimen148
\c@unbalance=\count277
\c@collectmore=\count278
\doublecol@number=\count279
\multicoltolerance=\count280
\multicolpretolerance=\count281
\full@width=\dimen149
\page@free=\dimen150
\premulticols=\dimen151
\postmulticols=\dimen152
\multicolsep=\skip53
\multicolbaselineskip=\skip54
\partial@page=\box48
\last@line=\box49
\maxbalancingoverflow=\dimen153
\mult@rightbox=\box50
\mult@grightbox=\box51
\mult@gfirstbox=\box52
\mult@firstbox=\box53
\@tempa=\box54
\@tempa=\box55
\@tempa=\box56
\@tempa=\box57
\@tempa=\box58
\@tempa=\box59
\@tempa=\box60
\@tempa=\box61
\@tempa=\box62
\@tempa=\box63
\@tempa=\box64
\@tempa=\box65
\@tempa=\box66
\@tempa=\box67
\@tempa=\box68
\@tempa=\box69
\@tempa=\box70
\@tempa=\box71
\@tempa=\box72
\@tempa=\box73
\@tempa=\box74
\@tempa=\box75
\@tempa=\box76
\@tempa=\box77
\@tempa=\box78
\@tempa=\box79
\@tempa=\box80
\@tempa=\box81
\@tempa=\box82
\@tempa=\box83
\@tempa=\box84
\@tempa=\box85
\@tempa=\box86
\@tempa=\box87
\@tempa=\box88
\@tempa=\box89
\@tempa=\box90
\c@minrows=\count282
\c@columnbadness=\count283
\c@finalcolumnbadness=\count284
\last@try=\dimen154
\multicolovershoot=\dimen155
\multicolundershoot=\dimen156
\mult@nat@firstbox=\box91
\colbreak@box=\box92
\mc@col@check@num=\count285
) (/home/hohaicongthuan/.miktex/texmfs/install/tex/latex/latex-tools/indentfirst.sty
Package: indentfirst 1995/11/23 v1.03 Indent first paragraph (DPC)
) (/home/hohaicongthuan/.miktex/texmfs/install/tex/latex/latex-tools/array.sty
Package: array 2020/10/01 v2.5c Tabular extension package (FMi)
\col@sep=\dimen157
\ar@mcellbox=\box93
\extrarowheight=\dimen158
\NC@list=\toks18
\extratabsurround=\skip55
\backup@length=\skip56
\ar@cellbox=\box94
) (/home/hohaicongthuan/.miktex/texmfs/install/tex/latex/amsmath/amsmath.sty
Package: amsmath 2020/09/23 v2.17i AMS math features
\@mathmargin=\skip57

For additional information on amsmath, use the `?' option.
(/home/hohaicongthuan/.miktex/texmfs/install/tex/latex/amsmath/amstext.sty
Package: amstext 2000/06/29 v2.01 AMS text
 (/home/hohaicongthuan/.miktex/texmfs/install/tex/latex/amsmath/amsgen.sty
File: amsgen.sty 1999/11/30 v2.0 generic functions
\@emptytoks=\toks19
\ex@=\dimen159
)) (/home/hohaicongthuan/.miktex/texmfs/install/tex/latex/amsmath/amsbsy.sty
Package: amsbsy 1999/11/29 v1.2d Bold Symbols
\pmbraise@=\dimen160
) (/home/hohaicongthuan/.miktex/texmfs/install/tex/latex/amsmath/amsopn.sty
Package: amsopn 2016/03/08 v2.02 operator names
)
\inf@bad=\count286
LaTeX Info: Redefining \frac on input line 234.
\uproot@=\count287
\leftroot@=\count288
LaTeX Info: Redefining \overline on input line 399.
\classnum@=\count289
\DOTSCASE@=\count290
LaTeX Info: Redefining \ldots on input line 496.
LaTeX Info: Redefining \dots on input line 499.
LaTeX Info: Redefining \cdots on input line 620.
\Mathstrutbox@=\box95
\strutbox@=\box96
\big@size=\dimen161
LaTeX Font Info:    Redeclaring font encoding OML on input line 743.
LaTeX Font Info:    Redeclaring font encoding OMS on input line 744.
\macc@depth=\count291
\c@MaxMatrixCols=\count292
\dotsspace@=\muskip16
\c@parentequation=\count293
\dspbrk@lvl=\count294
\tag@help=\toks20
\row@=\count295
\column@=\count296
\maxfields@=\count297
\andhelp@=\toks21
\eqnshift@=\dimen162
\alignsep@=\dimen163
\tagshift@=\dimen164
\tagwidth@=\dimen165
\totwidth@=\dimen166
\lineht@=\dimen167
\@envbody=\toks22
\multlinegap=\skip58
\multlinetaggap=\skip59
\mathdisplay@stack=\toks23
LaTeX Info: Redefining \[ on input line 2923.
LaTeX Info: Redefining \] on input line 2924.
) (/home/hohaicongthuan/.miktex/texmfs/install/tex/latex/graphics/graphicx.sty
Package: graphicx 2020/09/09 v1.2b Enhanced LaTeX Graphics (DPC,SPQR)
 (/home/hohaicongthuan/.miktex/texmfs/install/tex/latex/graphics/graphics.sty
Package: graphics 2020/08/30 v1.4c Standard LaTeX Graphics (DPC,SPQR)
 (/home/hohaicongthuan/.miktex/texmfs/install/tex/latex/graphics/trig.sty
Package: trig 2016/01/03 v1.10 sin cos tan (DPC)
) (/home/hohaicongthuan/.miktex/texmfs/install/tex/latex/graphics-cfg/graphics.cfg
File: graphics.cfg 2016/06/04 v1.11 sample graphics configuration
)
Package graphics Info: Driver file: pdftex.def on input line 105.
 (/home/hohaicongthuan/.miktex/texmfs/install/tex/latex/graphics-def/pdftex.def
File: pdftex.def 2020/10/05 v1.2a Graphics/color driver for pdftex
))
\Gin@req@height=\dimen168
\Gin@req@width=\dimen169
) (/home/hohaicongthuan/.miktex/texmfs/install/tex/latex/titlesec/titlesec.sty
Package: titlesec 2019/10/16 v2.13 Sectioning titles
\ttl@box=\box97
\beforetitleunit=\skip60
\aftertitleunit=\skip61
\ttl@plus=\dimen170
\ttl@minus=\dimen171
\ttl@toksa=\toks24
\titlewidth=\dimen172
\titlewidthlast=\dimen173
\titlewidthfirst=\dimen174
) (/home/hohaicongthuan/.miktex/texmfs/install/tex/latex/caption/caption.sty
Package: caption 2020/10/26 v3.5g Customizing captions (AR)
 (/home/hohaicongthuan/.miktex/texmfs/install/tex/latex/caption/caption3.sty
Package: caption3 2020/10/21 v2.2e caption3 kernel (AR)
\captionmargin=\dimen175
\captionmargin@=\dimen176
\captionwidth=\dimen177
\caption@tempdima=\dimen178
\caption@indent=\dimen179
\caption@parindent=\dimen180
\caption@hangindent=\dimen181
Package caption Info: Standard document class detected.
)
\c@caption@flags=\count298
\c@continuedfloat=\count299
) (/home/hohaicongthuan/.miktex/texmfs/install/tex/latex/l3backend/l3backend-pdftex.def
File: l3backend-pdftex.def 2021-03-02 L3 backend support: PDF output (pdfTeX)
\l__color_backend_stack_int=\count300
\l__pdf_internal_box=\box98
) (/home/hohaicongthuan/GitHub/Project-1/Docs/main.aux)
\openout1 = `main.aux'.

LaTeX Font Info:    Checking defaults for OML/cmm/m/it on input line 48.
LaTeX Font Info:    ... okay on input line 48.
LaTeX Font Info:    Checking defaults for OMS/cmsy/m/n on input line 48.
LaTeX Font Info:    ... okay on input line 48.
LaTeX Font Info:    Checking defaults for OT1/cmr/m/n on input line 48.
LaTeX Font Info:    ... okay on input line 48.
LaTeX Font Info:    Checking defaults for T1/cmr/m/n on input line 48.
LaTeX Font Info:    ... okay on input line 48.
LaTeX Font Info:    Checking defaults for TS1/cmr/m/n on input line 48.
LaTeX Font Info:    ... okay on input line 48.
LaTeX Font Info:    Checking defaults for OMX/cmex/m/n on input line 48.
LaTeX Font Info:    ... okay on input line 48.
LaTeX Font Info:    Checking defaults for U/cmr/m/n on input line 48.
LaTeX Font Info:    ... okay on input line 48.

*geometry* driver: auto-detecting
*geometry* detected driver: pdftex
*geometry* verbose mode - [ preamble ] result:
* driver: pdftex
* paper: a4paper
* layout: <same size as paper>
* layoutoffset:(h,v)=(0.0pt,0.0pt)
* modes: 
* h-part:(L,W,R)=(28.45274pt, 540.60239pt, 28.45274pt)
* v-part:(T,H,B)=(42.67912pt, 745.46222pt, 56.9055pt)
* \paperwidth=597.50787pt
* \paperheight=845.04684pt
* \textwidth=540.60239pt
* \textheight=745.46222pt
* \oddsidemargin=-43.81725pt
* \evensidemargin=-43.81725pt
* \topmargin=-66.59087pt
* \headheight=12.0pt
* \headsep=25.0pt
* \topskip=10.0pt
* \footskip=30.0pt
* \marginparwidth=57.0pt
* \marginparsep=11.0pt
* \columnsep=20.0pt
* \skip\footins=9.0pt plus 4.0pt minus 2.0pt
* \hoffset=0.0pt
* \voffset=0.0pt
* \mag=1000
* \@twocolumnfalse
* \@twosidefalse
* \@mparswitchfalse
* \@reversemarginfalse
* (1in=72.27pt=25.4mm, 1cm=28.453pt)

(/home/hohaicongthuan/.miktex/texmfs/install/tex/context/base/mkii/supp-pdf.mkii
[Loading MPS to PDF converter (version 2006.09.02).]
\scratchcounter=\count301
\scratchdimen=\dimen182
\scratchbox=\box99
\nofMPsegments=\count302
\nofMParguments=\count303
\everyMPshowfont=\toks25
\MPscratchCnt=\count304
\MPscratchDim=\dimen183
\MPnumerator=\count305
\makeMPintoPDFobject=\count306
\everyMPtoPDFconversion=\toks26
) (/home/hohaicongthuan/.miktex/texmfs/install/tex/latex/epstopdf-pkg/epstopdf-base.sty
Package: epstopdf-base 2020-01-24 v2.11 Base part for package epstopdf
Package epstopdf-base Info: Redefining graphics rule for `.eps' on input line 485.
 (/home/hohaicongthuan/.miktex/texmfs/install/tex/latex/00miktex/epstopdf-sys.cfg
File: epstopdf-sys.cfg 2021/03/18 v2.0 Configuration of epstopdf for MiKTeX
))
Package caption Info: Begin \AtBeginDocument code.
Package caption Info: End \AtBeginDocument code.

Underfull \hbox (badness 10000) in paragraph at lines 92--93
[]|\OT1/cmr/m/n/10 Non-linear substitution ta-ble
 []


Underfull \hbox (badness 10000) in paragraph at lines 104--106
[]|\OT1/cmr/m/n/10 Number of columns (32-bit words)
 []

<../Diagrams/temporary//S-Box.png, id=1, 758.835pt x 391.4625pt>
File: ../Diagrams/temporary//S-Box.png Graphic file (type png)
<use ../Diagrams/temporary//S-Box.png>
Package pdftex.def Info: ../Diagrams/temporary//S-Box.png  used on input line 147.
(pdftex.def)             Requested size: 405.45178pt x 209.16455pt.
[1

{/home/hohaicongthuan/.miktex/texmfs/data/pdftex/config/pdftex.map}]
Underfull \hbox (badness 6477) in paragraph at lines 176--177
[]\OT1/cmr/m/n/10 Bytes Substitution trans-form-ation is denoted by
 []


Underfull \hbox (badness 10000) in paragraph at lines 222--223
[]\OT1/cmr/m/n/10 The multi-pli-cation operation performed in this
 []

[2 <../Diagrams/temporary//S-Box.png>]
<../Diagrams/KeyExpansion//KeyExpansion.png, id=24, 3856.4075pt x 2591.6825pt>
File: ../Diagrams/KeyExpansion//KeyExpansion.png Graphic file (type png)
<use ../Diagrams/KeyExpansion//KeyExpansion.png>
Package pdftex.def Info: ../Diagrams/KeyExpansion//KeyExpansion.png  used on input line 235.
(pdftex.def)             Requested size: 540.60239pt x 363.30763pt.
<../Diagrams/KeyExpansion//Mod9Eq0.png, id=25, 924.45375pt x 254.9525pt>
File: ../Diagrams/KeyExpansion//Mod9Eq0.png Graphic file (type png)
<use ../Diagrams/KeyExpansion//Mod9Eq0.png>
Package pdftex.def Info: ../Diagrams/KeyExpansion//Mod9Eq0.png  used on input line 258.
(pdftex.def)             Requested size: 260.3012pt x 71.7869pt.
<../Diagrams/KeyExpansion//Mod9Eq4.png, id=26, 924.45375pt x 254.9525pt>
File: ../Diagrams/KeyExpansion//Mod9Eq4.png Graphic file (type png)
<use ../Diagrams/KeyExpansion//Mod9Eq4.png>
Package pdftex.def Info: ../Diagrams/KeyExpansion//Mod9Eq4.png  used on input line 266.
(pdftex.def)             Requested size: 260.3012pt x 71.7869pt.
 [3 <../Diagrams/KeyExpansion//KeyExpansion.png> <../Diagrams/KeyExpansion//Mod9Eq0.png>]
<../Diagrams/SubBytes//SubBytes.png, id=32, 3164.82375pt x 1400.23125pt>
File: ../Diagrams/SubBytes//SubBytes.png Graphic file (type png)
<use ../Diagrams/SubBytes//SubBytes.png>
Package pdftex.def Info: ../Diagrams/SubBytes//SubBytes.png  used on input line 280.
(pdftex.def)             Requested size: 260.3012pt x 115.16156pt.
<../Diagrams/ShiftRows//ShiftRows.png, id=33, 3360.555pt x 1436.36626pt>
File: ../Diagrams/ShiftRows//ShiftRows.png Graphic file (type png)
<use ../Diagrams/ShiftRows//ShiftRows.png>
Package pdftex.def Info: ../Diagrams/ShiftRows//ShiftRows.png  used on input line 294.
(pdftex.def)             Requested size: 260.3012pt x 111.25148pt.
<../Diagrams/MixColumns//MixColumns.png, id=34, 3947.74875pt x 4263.93pt>
File: ../Diagrams/MixColumns//MixColumns.png Graphic file (type png)
<use ../Diagrams/MixColumns//MixColumns.png>
Package pdftex.def Info: ../Diagrams/MixColumns//MixColumns.png  used on input line 312.
(pdftex.def)             Requested size: 260.3012pt x 281.13397pt.

Underfull \hbox (badness 10000) in paragraph at lines 317--318
[]\OT1/cmr/m/n/10 The implementation of the \OT1/cmr/m/it/10 First[]Row[]Mul\OT1/cmr/m/n/10 ,
 []

<../Diagrams/MixColumns//First_Row_Mul.png, id=35, 884.30376pt x 323.2075pt>
File: ../Diagrams/MixColumns//First_Row_Mul.png Graphic file (type png)
<use ../Diagrams/MixColumns//First_Row_Mul.png>
Package pdftex.def Info: ../Diagrams/MixColumns//First_Row_Mul.png  used on input line 322.
(pdftex.def)             Requested size: 260.3012pt x 95.13824pt.
<../Diagrams/MixColumns//Second_Row_Mul.png, id=36, 884.30376pt x 323.2075pt>
File: ../Diagrams/MixColumns//Second_Row_Mul.png Graphic file (type png)
<use ../Diagrams/MixColumns//Second_Row_Mul.png>
Package pdftex.def Info: ../Diagrams/MixColumns//Second_Row_Mul.png  used on input line 330.
(pdftex.def)             Requested size: 260.3012pt x 95.13824pt.
[4 <../Diagrams/KeyExpansion//Mod9Eq4.png> <../Diagrams/SubBytes//SubBytes.png> <../Diagrams/ShiftRows//ShiftRows.png> <../Diagrams/MixColumns//MixColumns.png> <../Diagrams/MixColumns//First_Row_Mul.png>]
<../Diagrams/MixColumns//Third_Row_Mul.png, id=45, 884.30376pt x 323.2075pt>
File: ../Diagrams/MixColumns//Third_Row_Mul.png Graphic file (type png)
<use ../Diagrams/MixColumns//Third_Row_Mul.png>
Package pdftex.def Info: ../Diagrams/MixColumns//Third_Row_Mul.png  used on input line 338.
(pdftex.def)             Requested size: 260.3012pt x 95.13824pt.
<../Diagrams/MixColumns//Fourth_Row_Mul.png, id=46, 884.30376pt x 323.2075pt>
File: ../Diagrams/MixColumns//Fourth_Row_Mul.png Graphic file (type png)
<use ../Diagrams/MixColumns//Fourth_Row_Mul.png>
Package pdftex.def Info: ../Diagrams/MixColumns//Fourth_Row_Mul.png  used on input line 346.
(pdftex.def)             Requested size: 260.3012pt x 95.13824pt.
<../Diagrams/MixColumns//gmul_2.png, id=47, 1688.3075pt x 610.28pt>
File: ../Diagrams/MixColumns//gmul_2.png Graphic file (type png)
<use ../Diagrams/MixColumns//gmul_2.png>
Package pdftex.def Info: ../Diagrams/MixColumns//gmul_2.png  used on input line 356.
(pdftex.def)             Requested size: 260.3012pt x 94.08955pt.
<../Diagrams//KeyExpansion-GetRoundKeysStage-edited.png, id=48, 779.16093pt x 119.69719pt>
File: ../Diagrams//KeyExpansion-GetRoundKeysStage-edited.png Graphic file (type png)
<use ../Diagrams//KeyExpansion-GetRoundKeysStage-edited.png>
Package pdftex.def Info: ../Diagrams//KeyExpansion-GetRoundKeysStage-edited.png  used on input line 387.
(pdftex.def)             Requested size: 260.3012pt x 39.98784pt.

Underfull \hbox (badness 7631) in paragraph at lines 392--393
[]\OT1/cmr/m/n/10 The circuit is tested with different keys from
 []


Underfull \hbox (badness 7326) in paragraph at lines 392--393
\OT1/cmr/m/it/10 https://www.cryptool.org/en/cto/aes-step-by-step\OT1/cmr/m/n/10 . The
 []

[5 <../Diagrams/MixColumns//Second_Row_Mul.png> <../Diagrams/MixColumns//Third_Row_Mul.png> <../Diagrams/MixColumns//Fourth_Row_Mul.png> <../Diagrams/MixColumns//gmul_2.png> <../Diagrams//KeyExpansion-GetRoundKeysStage-edited.png>] (/home/hohaicongthuan/GitHub/Project-1/Docs/main.aux) ) 
Here is how much of TeX's memory you used:
 5276 strings out of 481257
 84481 string characters out of 2907664
 418594 words of memory out of 3000000
 22410 multiletter control sequences out of 15000+200000
 409518 words of font info for 48 fonts, out of 3000000 for 9000
 18 hyphenation exceptions out of 8191
 68i,10n,74p,777b,440s stack positions out of 5000i,500n,10000p,200000b,50000s
</home/hohaicongthuan/.miktex/texmfs/install/fonts/type1/public/amsfonts/cm/cmbx10.pfb></home/hohaicongthuan/.miktex/texmfs/install/fonts/type1/public/amsfonts/cm/cmbx12.pfb></home/hohaicongthuan/.miktex/texmfs/install/fonts/type1/public/amsfonts/cm/cmbxti10.pfb></home/hohaicongthuan/.miktex/texmfs/install/fonts/type1/public/amsfonts/cm/cmex10.pfb></home/hohaicongthuan/.miktex/texmfs/install/fonts/type1/public/amsfonts/cm/cmmi10.pfb></home/hohaicongthuan/.miktex/texmfs/install/fonts/type1/public/amsfonts/cm/cmmi7.pfb></home/hohaicongthuan/.miktex/texmfs/install/fonts/type1/public/amsfonts/cm/cmr10.pfb></home/hohaicongthuan/.miktex/texmfs/install/fonts/type1/public/amsfonts/cm/cmr12.pfb></home/hohaicongthuan/.miktex/texmfs/install/fonts/type1/public/amsfonts/cm/cmr17.pfb></home/hohaicongthuan/.miktex/texmfs/install/fonts/type1/public/amsfonts/cm/cmr7.pfb></home/hohaicongthuan/.miktex/texmfs/install/fonts/type1/public/amsfonts/cm/cmsy10.pfb></home/hohaicongthuan/.miktex/texmfs/install/fonts/type1/public/amsfonts/cm/cmsy7.pfb></home/hohaicongthuan/.miktex/texmfs/install/fonts/type1/public/amsfonts/cm/cmti10.pfb>
Output written on /home/hohaicongthuan/GitHub/Project-1/Docs/main.pdf (5 pages, 1196332 bytes).
PDF statistics:
 96 PDF objects out of 1000 (max. 8388607)
 0 named destinations out of 1000 (max. 500000)
 66 words of extra memory for PDF output out of 10000 (max. 10000000)

